<?xml version="1.0" encoding="UTF-8"?>
<coverage generated="1565404579855" clover="3.2.0">
  <project timestamp="1565404579855" name="All files">
    <metrics statements="20" coveredstatements="17" conditionals="2" coveredconditionals="2" methods="3" coveredmethods="2" elements="25" coveredelements="21" complexity="0" loc="20" ncloc="20" packages="1" files="1" classes="1"/>
    <file name="app.js" path="C:\Users\Usuario\LP3-2019\app.js">
      <metrics statements="20" coveredstatements="17" conditionals="2" coveredconditionals="2" methods="3" coveredmethods="2"/>
      <line num="15" count="1" type="stmt"/>
      <line num="17" count="1" type="stmt"/>
      <line num="20" count="1" type="stmt"/>
      <line num="21" count="0" type="stmt"/>
      <line num="22" count="0" type="stmt"/>
      <line num="23" count="0" type="stmt"/>
      <line num="26" count="1" type="stmt"/>
      <line num="28" count="2" type="stmt"/>
      <line num="30" count="2" type="stmt"/>
      <line num="31" count="2" type="stmt"/>
      <line num="34" count="1" type="stmt"/>
      <line num="35" count="8" type="stmt"/>
      <line num="36" count="8" type="stmt"/>
      <line num="37" count="8" type="stmt"/>
      <line num="38" count="8" type="stmt"/>
      <line num="39" count="8" type="cond" truecount="2" falsecount="0"/>
      <line num="40" count="4" type="stmt"/>
      <line num="42" count="4" type="stmt"/>
      <line num="43" count="8" type="stmt"/>
      <line num="47" count="1" type="stmt"/>
    </file>
  </project>
</coverage>
