{"C:\\Users\\Usuario\\LP3-2019\\app.js": {"path":"C:\\Users\\Usuario\\LP3-2019\\app.js","statementMap":{"0":{"start":{"line":15,"column":16},"end":{"line":15,"column":34}},"1":{"start":{"line":17,"column":12},"end":{"line":17,"column":21}},"2":{"start":{"line":20,"column":0},"end":{"line":24,"column":3}},"3":{"start":{"line":21,"column":20},"end":{"line":21,"column":30}},"4":{"start":{"line":22,"column":4},"end":{"line":22,"column":47}},"5":{"start":{"line":23,"column":4},"end":{"line":23,"column":24}},"6":{"start":{"line":26,"column":0},"end":{"line":32,"column":3}},"7":{"start":{"line":28,"column":14},"end":{"line":28,"column":28}},"8":{"start":{"line":30,"column":4},"end":{"line":30,"column":43}},"9":{"start":{"line":31,"column":4},"end":{"line":31,"column":32}},"10":{"start":{"line":34,"column":0},"end":{"line":44,"column":3}},"11":{"start":{"line":35,"column":14},"end":{"line":35,"column":28}},"12":{"start":{"line":36,"column":4},"end":{"line":36,"column":33}},"13":{"start":{"line":37,"column":23},"end":{"line":37,"column":45}},"14":{"start":{"line":38,"column":4},"end":{"line":38,"column":30}},"15":{"start":{"line":39,"column":4},"end":{"line":42,"column":35}},"16":{"start":{"line":40,"column":8},"end":{"line":40,"column":34}},"17":{"start":{"line":42,"column":8},"end":{"line":42,"column":35}},"18":{"start":{"line":43,"column":4},"end":{"line":43,"column":33}},"19":{"start":{"line":47,"column":0},"end":{"line":47,"column":21}}},"fnMap":{"0":{"name":"(anonymous_0)","decl":{"start":{"line":20,"column":17},"end":{"line":20,"column":18}},"loc":{"start":{"line":20,"column":31},"end":{"line":24,"column":1}},"line":20},"1":{"name":"(anonymous_1)","decl":{"start":{"line":26,"column":26},"end":{"line":26,"column":27}},"loc":{"start":{"line":26,"column":40},"end":{"line":32,"column":1}},"line":26},"2":{"name":"(anonymous_2)","decl":{"start":{"line":34,"column":21},"end":{"line":34,"column":22}},"loc":{"start":{"line":34,"column":35},"end":{"line":44,"column":1}},"line":34}},"branchMap":{"0":{"loc":{"start":{"line":39,"column":4},"end":{"line":42,"column":35}},"type":"if","locations":[{"start":{"line":39,"column":4},"end":{"line":42,"column":35}},{"start":{"line":39,"column":4},"end":{"line":42,"column":35}}],"line":39}},"s":{"0":1,"1":1,"2":1,"3":0,"4":0,"5":0,"6":1,"7":2,"8":2,"9":2,"10":1,"11":8,"12":8,"13":8,"14":8,"15":8,"16":4,"17":4,"18":8,"19":1},"f":{"0":0,"1":2,"2":8},"b":{"0":[4,4]},"_coverageSchema":"43e27e138ebf9cfc5966b082cf9a028302ed4184","hash":"f3ecc6c4ecc04fbe1748c884cadcd72d206ab33b"}
}
